  Aplicatie de sah.cpp
g:\tema facultate\aplicatie de sah\aplicatie de sah\aplicatie de sah.cpp(316): warning C4101: 'c': unreferenced local variable
g:\tema facultate\aplicatie de sah\aplicatie de sah\aplicatie de sah.cpp(316): warning C4101: 'l': unreferenced local variable
g:\tema facultate\aplicatie de sah\aplicatie de sah\aplicatie de sah.cpp(749): warning C4800: 'int': forcing value to bool 'true' or 'false' (performance warning)
g:\tema facultate\aplicatie de sah\aplicatie de sah\aplicatie de sah.cpp(449): warning C4101: 'aux': unreferenced local variable
g:\tema facultate\aplicatie de sah\aplicatie de sah\aplicatie de sah.cpp(1012): warning C4101: 'dir': unreferenced local variable
g:\tema facultate\aplicatie de sah\aplicatie de sah\aplicatie de sah.cpp(1012): warning C4101: 'vc': unreferenced local variable
g:\tema facultate\aplicatie de sah\aplicatie de sah\aplicatie de sah.cpp(1012): warning C4101: 'piece': unreferenced local variable
g:\tema facultate\aplicatie de sah\aplicatie de sah\aplicatie de sah.cpp(1012): warning C4101: 'vl': unreferenced local variable
g:\tema facultate\aplicatie de sah\aplicatie de sah\aplicatie de sah.cpp(1012): warning C4101: 'col': unreferenced local variable
g:\tema facultate\aplicatie de sah\aplicatie de sah\aplicatie de sah.cpp(1080): warning C4101: 'cscore': unreferenced local variable
g:\tema facultate\aplicatie de sah\aplicatie de sah\aplicatie de sah.cpp(1081): warning C4101: 'cmaxscore2': unreferenced local variable
g:\tema facultate\aplicatie de sah\aplicatie de sah\aplicatie de sah.cpp(1081): warning C4101: 'csq2': unreferenced local variable
g:\tema facultate\aplicatie de sah\aplicatie de sah\aplicatie de sah.cpp(1079): warning C4101: 'best_move_sq1': unreferenced local variable
g:\tema facultate\aplicatie de sah\aplicatie de sah\aplicatie de sah.cpp(1081): warning C4101: 'csq1': unreferenced local variable
g:\tema facultate\aplicatie de sah\aplicatie de sah\aplicatie de sah.cpp(1079): warning C4101: 'best_move_sq2': unreferenced local variable
g:\tema facultate\aplicatie de sah\aplicatie de sah\aplicatie de sah.cpp(1081): warning C4101: 'cminscore2': unreferenced local variable
g:\tema facultate\aplicatie de sah\aplicatie de sah\aplicatie de sah.cpp(1481): warning C4101: 'c1': unreferenced local variable
g:\tema facultate\aplicatie de sah\aplicatie de sah\aplicatie de sah.cpp(1481): warning C4101: 'l1': unreferenced local variable
g:\tema facultate\aplicatie de sah\aplicatie de sah\aplicatie de sah.cpp(1481): warning C4101: 'l2': unreferenced local variable
g:\tema facultate\aplicatie de sah\aplicatie de sah\aplicatie de sah.cpp(1481): warning C4101: 'c2': unreferenced local variable
g:\tema facultate\aplicatie de sah\aplicatie de sah\aplicatie de sah.cpp(1482): warning C4101: 'T': unreferenced local variable
g:\tema facultate\aplicatie de sah\aplicatie de sah\aplicatie de sah.cpp(1825): warning C4101: 'c1': unreferenced local variable
g:\tema facultate\aplicatie de sah\aplicatie de sah\aplicatie de sah.cpp(1825): warning C4101: 'l1': unreferenced local variable
g:\tema facultate\aplicatie de sah\aplicatie de sah\aplicatie de sah.cpp(1825): warning C4101: 'l2': unreferenced local variable
g:\tema facultate\aplicatie de sah\aplicatie de sah\aplicatie de sah.cpp(1824): warning C4101: 'sir': unreferenced local variable
g:\tema facultate\aplicatie de sah\aplicatie de sah\aplicatie de sah.cpp(1825): warning C4101: 'c2': unreferenced local variable
g:\tema facultate\aplicatie de sah\aplicatie de sah\aplicatie de sah.cpp(2956): warning C4101: 'c1': unreferenced local variable
g:\tema facultate\aplicatie de sah\aplicatie de sah\aplicatie de sah.cpp(2956): warning C4101: 'l1': unreferenced local variable
g:\tema facultate\aplicatie de sah\aplicatie de sah\aplicatie de sah.cpp(2956): warning C4101: 'l2': unreferenced local variable
g:\tema facultate\aplicatie de sah\aplicatie de sah\aplicatie de sah.cpp(2956): warning C4101: 'piece': unreferenced local variable
g:\tema facultate\aplicatie de sah\aplicatie de sah\aplicatie de sah.cpp(2955): warning C4101: 'sir': unreferenced local variable
g:\tema facultate\aplicatie de sah\aplicatie de sah\aplicatie de sah.cpp(2956): warning C4101: 'j': unreferenced local variable
g:\tema facultate\aplicatie de sah\aplicatie de sah\aplicatie de sah.cpp(2956): warning C4101: 'i': unreferenced local variable
g:\tema facultate\aplicatie de sah\aplicatie de sah\aplicatie de sah.cpp(2956): warning C4101: 'c2': unreferenced local variable
g:\tema facultate\aplicatie de sah\aplicatie de sah\aplicatie de sah.cpp(1779): warning C4715: 'SelectDifficultyF': not all control paths return a value
  Aplicatie de sah.vcxproj -> G:\Tema facultate\Aplicatie de sah\Aplicatie de sah\x64\Debug\Aplicatie de sah.exe
  Aplicatie de sah.vcxproj -> G:\Tema facultate\Aplicatie de sah\Aplicatie de sah\x64\Debug\Aplicatie de sah.pdb (Full PDB)
